p/1670357289723.jpg 1 0 0 1200 1645
p/1670357289711.jpg 1 0 0 1280 1280
p/1670357289696.jpg 1 0 0 800 800
p/1670357289694.jpg 1 0 0 500 500
p/1670357289679.jpg 1 0 0 602 857
p/1670357289705.jpg 1 0 0 500 429
p/1670357289690.jpg 1 0 0 780 780
p/1670357289661.jpeg 1 0 0 800 800
p/1670357289710.jpg 1 0 0 1000 1000
p/1670357289668.jpg 1 0 0 375 375
p/1670357289725.jpg 1 0 0 505 703
p/1670357289721.jpeg 1 0 0 450 550
p/1670357289697.jpg 1 0 0 1024 1024
p/1670357289681.jpg 1 0 0 1024 1024
p/1670357289681.png 1 0 0 1200 1800
p/1670357289665.jpg 1 0 0 800 800
p/1670357289686.jpg 1 0 0 900 900
p/1670357289662.jpg 1 0 0 800 800
p/1670357289724.jpg 1 0 0 1200 1645
p/1670357289672.jpg 1 0 0 400 400
p/1670357289682.jpg 1 0 0 401 600
p/1670357289731.jpeg 1 0 0 495 645
p/1670357289736.jpg 1 0 0 900 900
p/1670357289702.jpeg 1 0 0 467 625
p/1670357289721.jpg 1 0 0 900 900
p/1670357289698.jpg 1 0 0 582 640
p/1670357289738.jpg 1 0 0 600 600
p/1670357289718.jpg 1 0 0 1000 1000
p/1670357289714.jpg 1 0 0 1500 1500
p/1670357289666.jpg 1 0 0 225 225
p/1670357289704.jpg 1 0 0 800 800
p/1670357289693.jpg 1 0 0 1000 1000
p/1670357289707.jpeg 1 0 0 600 600
p/1670357289734.jpg 1 0 0 1000 1000
p/1670357289674.jpg 1 0 0 2500 2500
p/1670357289716.jpeg 1 0 0 1280 1280
p/1670357289737.jpg 1 0 0 400 400
p/1670357289677.jpg 1 0 0 1300 1430
p/1670357289677.jpeg 1 0 0 1200 1645
p/1670357289700.jpg 1 0 0 602 857
p/1670357289729.jpg 1 0 0 345 400
p/1670357289709.jpg 1 0 0 1200 1800
p/1670357289732.jpg 1 0 0 375 375
p/1670357289694.jpeg 1 0 0 424 500
p/1670357289692.jpg 1 0 0 1000 1000
p/1670357289678.jpg 1 0 0 540 540
p/1670357289679.jpeg 1 0 0 1280 1280
p/1670357289683.png 1 0 0 900 506
p/1670357289695.jpg 1 0 0 800 800
p/1670357289669.jpg 1 0 0 542 670
p/1670357289727.jpg 1 0 0 1000 1000
p/1670357289719.jpg 1 0 0 1200 1800
p/1670357289712.jpg 1 0 0 1200 1200
p/1670357289688.jpg 1 0 0 500 321
p/1670357289675.jpg 1 0 0 300 300
p/1670357289683.jpg 1 0 0 800 800
p/1670357289667.jpg 1 0 0 300 300
p/1670357289731.jpg 1 0 0 1300 1430
p/1670357289691.jpg 1 0 0 780 780
p/1670357289708.jpg 1 0 0 900 900
p/1670357289717.jpg 1 0 0 582 640
p/1670357289680.jpg 1 0 0 200 400
p/1670357289699.jpg 1 0 0 1000 1000
p/1670357289680.jpeg 1 0 0 1535 1980
p/1670357289726.jpg 1 0 0 1000 1000
p/1670357289669.png 1 0 0 1000 1000
p/1670357289703.jpg 1 0 0 1000 1000
p/1670357289713.jpg 1 0 0 1200 1100
p/1670357289728.jpg 1 0 0 1000 1000
p/1670357289676.jpg 1 0 0 700 700
p/1670357289738.jpeg 1 0 0 1280 1280
p/1670357289707.jpg 1 0 0 359 500
p/1670357289671.jpg 1 0 0 300 300
p/1670357289733.jpg 1 0 0 602 857
p/1670357289722.jpg 1 0 0 700 700
p/1670357289670.jpg 1 0 0 500 500
p/1670357289730.jpg 1 0 0 1000 1000
p/1670357289685.jpg 1 0 0 1650 1650
p/1670357289716.jpg 1 0 0 1000 1000
p/1670357289701.jpeg 1 0 0 467 625
p/1670357289664.jpg 1 0 0 820 820
p/1670357289682.jpeg 1 0 0 600 600
p/1670357289720.jpg 1 0 0 375 375
p/1670357289701.jpg 1 0 0 900 900
p/1670357289735.jpg 1 0 0 800 800
p/1670357289702.jpg 1 0 0 500 500
p/1670357289663.jpg 1 0 0 820 820
p/1670357289706.jpg 1 0 0 602 607
p/1670357289720.jpeg 1 0 0 600 600
p/1670357289673.jpg 1 0 0 300 300
p/1670357289689.jpg 1 0 0 375 375
p/1670357289687.jpg 1 0 0 375 375
p/1670357289684.jpg 1 0 0 1200 1800