p/IMG-20230126-WA0016.png 1 0 0 1200 1600
p/IMG-20230126-WA0015.png 1 0 0 1200 1600
p/IMG-20230126-WA0014.png 1 0 0 1200 1600
p/IMG-20230126-WA0013.png 1 0 0 1200 1600
p/IMG-20230126-WA0012.png 1 0 0 1200 1600
p/IMG-20230126-WA0011.png 1 0 0 1200 1600
p/IMG-20230126-WA0010.png 1 0 0 1200 1600
p/IMG-20230126-WA0009.png 1 0 0 1200 1600
p/IMG-20230126-WA0008.png 1 0 0 1200 1600
p/IMG-20230126-WA0007.png 1 0 0 1200 1600
p/IMG-20230126-WA0080.png 1 0 0 2048 2048
p/IMG-20230126-WA0079.png 1 0 0 2048 2048
p/IMG-20230126-WA0078.png 1 0 0 1536 2048
p/IMG-20230126-WA0077.png 1 0 0 1536 2048
p/IMG-20230126-WA0076.png 1 0 0 1536 2048
p/IMG-20230126-WA0075.png 1 0 0 1536 2048
p/IMG-20230126-WA0074.png 1 0 0 1536 2048
p/IMG-20230126-WA0073.png 1 0 0 1536 2048
p/IMG-20230126-WA0072.png 1 0 0 1536 2048
p/IMG-20230126-WA0071.png 1 0 0 1536 2048
p/IMG-20230126-WA0070.png 1 0 0 1536 2048
p/IMG-20230126-WA0069.png 1 0 0 1536 2048
p/IMG-20230126-WA0068.png 1 0 0 1536 2048
p/IMG-20230126-WA0067.png 1 0 0 1536 2048
p/IMG-20230126-WA0066.png 1 0 0 1536 2048
p/IMG-20230126-WA0065.png 1 0 0 1536 2048
p/IMG-20230126-WA0064.png 1 0 0 1536 2048
p/IMG-20230126-WA0063.png 1 0 0 1536 2048
p/IMG-20230126-WA0062.png 1 0 0 1536 2048
p/IMG-20230126-WA0061.png 1 0 0 1536 2048
p/IMG-20230126-WA0060.png 1 0 0 1200 1600
p/IMG-20230126-WA0059.png 1 0 0 1200 1600
p/IMG-20230126-WA0058.png 1 0 0 1200 1600
p/IMG-20230126-WA0057.png 1 0 0 1200 1600
p/IMG-20230126-WA0056.png 1 0 0 1200 1600
p/IMG-20230126-WA0055.png 1 0 0 1200 1600
p/IMG-20230126-WA0054.png 1 0 0 1200 1600
p/IMG-20230126-WA0053.png 1 0 0 1200 1600
p/IMG-20230126-WA0052.png 1 0 0 1200 1600
p/IMG-20230126-WA0051.png 1 0 0 1200 1600
p/IMG-20230126-WA0050.png 1 0 0 1200 1600
p/IMG-20230126-WA0049.png 1 0 0 1200 1600
p/IMG-20230126-WA0048.png 1 0 0 1200 1600
p/IMG-20230126-WA0047.png 1 0 0 1200 1600
p/IMG-20230126-WA0046.png 1 0 0 1200 1600
p/IMG-20230126-WA0045.png 1 0 0 1200 1600
p/IMG-20230126-WA0044.png 1 0 0 1200 1600
p/IMG-20230126-WA0043.png 1 0 0 1200 1600
p/IMG-20230126-WA0042.png 1 0 0 1200 1600
p/IMG-20230126-WA0041.png 1 0 0 1200 1600
p/IMG-20230126-WA0040.png 1 0 0 1200 1600
p/IMG-20230126-WA0039.png 1 0 0 1200 1600
p/IMG-20230126-WA0038.png 1 0 0 1200 1600
p/IMG-20230126-WA0037.png 1 0 0 1200 1600
p/IMG-20230126-WA0036.png 1 0 0 1200 1600
p/IMG-20230126-WA0035.png 1 0 0 1200 1600
p/IMG-20230126-WA0034.png 1 0 0 1200 1600
p/IMG-20230126-WA0033.png 1 0 0 1200 1600
p/IMG-20230126-WA0032.png 1 0 0 1200 1600
p/IMG-20230126-WA0031.png 1 0 0 1200 1600
p/IMG-20230126-WA0030.png 1 0 0 1200 1600
p/IMG-20230126-WA0029.png 1 0 0 1200 1600
p/IMG-20230126-WA0028.png 1 0 0 1200 1600
p/IMG-20230126-WA0027.png 1 0 0 1200 1600
p/IMG-20230126-WA0026.png 1 0 0 1200 1600
p/IMG-20230126-WA0025.png 1 0 0 1200 1600
p/IMG-20230126-WA0024.png 1 0 0 1200 1600
p/IMG-20230126-WA0023.png 1 0 0 1200 1600
p/IMG-20230126-WA0022.png 1 0 0 1200 1600
p/IMG-20230126-WA0021.png 1 0 0 1200 1600
p/IMG-20230126-WA0020.png 1 0 0 1200 1600
p/IMG-20230126-WA0019.png 1 0 0 1200 1600
p/IMG-20230126-WA0018.png 1 0 0 1200 1600
p/IMG-20230126-WA0017.png 1 0 0 1200 1600